2026-02-27T04:01:02.822516282Z [inf]  
2026-02-27T04:01:06.187881259Z [inf]  [35m[Region: us-east4][0m
2026-02-27T04:01:06.193884498Z [inf]  
2026-02-27T04:01:06.193916070Z [inf]  [38;2;125;86;243m╭─────────────────╮[0m
2026-02-27T04:01:06.193920471Z [inf]  [38;2;125;86;243m│[0m Railpack 0.17.2 [38;2;125;86;243m│[0m
2026-02-27T04:01:06.193923730Z [inf]  [38;2;125;86;243m╰─────────────────╯[0m
2026-02-27T04:01:06.193928768Z [inf]  
2026-02-27T04:01:06.193931929Z [inf]  [33m⚠ Script start.sh not found[0m
2026-02-27T04:01:06.193935070Z [inf]  [1;31m✖ Railpack could not determine how to build the app.[0m
2026-02-27T04:01:06.193938327Z [inf]  
2026-02-27T04:01:06.193941373Z [inf]  The following languages are supported:
2026-02-27T04:01:06.193944030Z [inf]  Php
2026-02-27T04:01:06.193946806Z [inf]  Golang
2026-02-27T04:01:06.193950014Z [inf]  Java
2026-02-27T04:01:06.193952704Z [inf]  Rust
2026-02-27T04:01:06.193955575Z [inf]  Ruby
2026-02-27T04:01:06.193958502Z [inf]  Elixir
2026-02-27T04:01:06.193961210Z [inf]  Python
2026-02-27T04:01:06.193963765Z [inf]  Deno
2026-02-27T04:01:06.193966557Z [inf]  Dotnet
2026-02-27T04:01:06.193969403Z [inf]  Node
2026-02-27T04:01:06.193972407Z [inf]  Gleam
2026-02-27T04:01:06.193975406Z [inf]  Cpp
2026-02-27T04:01:06.193978333Z [inf]  Staticfile
2026-02-27T04:01:06.193981070Z [inf]  Shell
2026-02-27T04:01:06.193983995Z [inf]  
2026-02-27T04:01:06.194004691Z [inf]  The app contents that Railpack analyzed contains:
2026-02-27T04:01:06.194007705Z [inf]  
2026-02-27T04:01:06.194010975Z [inf]  ./
2026-02-27T04:01:06.194014013Z [inf]  ├── refugee-backend/
2026-02-27T04:01:06.194016866Z [inf]  ├── refugee-gis-dashboard/
2026-02-27T04:01:06.194020005Z [inf]  ├── northern-syria-population-tracking-october-2024.xlsx
2026-02-27T04:01:06.194022834Z [inf]  ├── package-lock.json
2026-02-27T04:01:06.194025753Z [inf]  └── refugee-backend.zip
2026-02-27T04:01:06.194028537Z [inf]  
2026-02-27T04:01:06.194031293Z [inf]  Check out the docs for more information: https://railpack.com
2026-02-27T04:01:06.194034028Z [inf]  
2026-02-27T04:01:06.194036907Z [inf]  
2026-02-27T04:01:06.194040573Z [inf]  